Der Buildvorgang wurde am 05.06.2015 08:07:35 gestartet.
     1>Projekt "C:\Users\Niklas\Desktop\Abschlussprojekt\Abschlussprojekt\SFML Game\SFML Game.vcxproj" auf Knoten "2", Build Ziel(e).
     1>ClCompile:
         C:\Program Files (x86)\Microsoft Visual Studio 11.0\VC\bin\CL.exe /c /I..\SFML\include /ZI /nologo /W3 /WX- /sdl /Od /Oy- /D SFML_STATIC /D _MBCS /D _MBCS /Gm /EHsc /RTC1 /MDd /GS /fp:precise /Zc:wchar_t /Zc:forScope /Fo"Debug\\" /Fd"Debug\vc110.pdb" /Gd /TP /analyze- /errorReport:prompt Game.cpp Meldungen.cpp Spieler.cpp
         Spieler.cpp
         Meldungen.cpp
         Game.cpp
     1>c:\users\niklas\desktop\abschlussprojekt\abschlussprojekt\sfml game\include\game.hpp(4): warning C4067: Unerwartete Token nach Präprozessordirektive - Zeilenvorschub erwartet.
     1>c:\users\niklas\desktop\abschlussprojekt\abschlussprojekt\sfml game\game.cpp(10): warning C4305: 'Argument': Verkürzung von 'double' in 'float'
     1>c:\users\niklas\desktop\abschlussprojekt\abschlussprojekt\sfml game\game.cpp(214): warning C4244: 'Initialisierung': Konvertierung von 'const float' in 'int', möglicher Datenverlust
     1>c:\users\niklas\desktop\abschlussprojekt\abschlussprojekt\sfml game\game.cpp(215): warning C4244: 'Initialisierung': Konvertierung von 'const float' in 'int', möglicher Datenverlust
         Code wird generiert...
       Link:
         C:\Program Files (x86)\Microsoft Visual Studio 11.0\VC\bin\link.exe /ERRORREPORT:PROMPT /OUT:"C:\Users\Niklas\Desktop\Abschlussprojekt\Abschlussprojekt\Debug\SFML Game.exe" /INCREMENTAL /NOLOGO /LIBPATH:..\SFML\lib "sfml-network-s-d.lib" "sfml-audio-s-d.lib" "sfml-graphics-s-d.lib" "sfml-window-s-d.lib" "sfml-system-s-d.lib" kernel32.lib user32.lib gdi32.lib winspool.lib comdlg32.lib advapi32.lib shell32.lib ole32.lib oleaut32.lib uuid.lib odbc32.lib odbccp32.lib kernel32.lib user32.lib gdi32.lib winspool.lib comdlg32.lib advapi32.lib shell32.lib ole32.lib oleaut32.lib uuid.lib odbc32.lib odbccp32.lib /MANIFEST /MANIFESTUAC:"level='asInvoker' uiAccess='false'" /manifest:embed /DEBUG /PDB:"C:\Users\Niklas\Desktop\Abschlussprojekt\Abschlussprojekt\Debug\SFML Game.pdb" /TLBID:1 /DYNAMICBASE /NXCOMPAT /IMPLIB:"C:\Users\Niklas\Desktop\Abschlussprojekt\Abschlussprojekt\Debug\SFML Game.lib" /MACHINE:X86 Debug\AnimatedSprite.obj
         Debug\Animation.obj
         Debug\Game.obj
         Debug\main.obj
         Debug\Map.obj
         Debug\Meldungen.obj
         Debug\MENU.obj
         Debug\Options.obj
         Debug\Spieler.obj
         Debug\XMLHandler.obj
         SFML Game.vcxproj -> C:\Users\Niklas\Desktop\Abschlussprojekt\Abschlussprojekt\Debug\SFML Game.exe
     1>Die Erstellung des Projekts "C:\Users\Niklas\Desktop\Abschlussprojekt\Abschlussprojekt\SFML Game\SFML Game.vcxproj" ist abgeschlossen, Build Ziel(e).

Build erfolgreich.

Verstrichene Zeit 00:00:07.10
